<?xml version="1.0" encoding="UTF-8"?>
<testng-results skipped="0" failed="0" ignored="0" total="2" passed="2">
  <reporter-output>
  </reporter-output>
  <suite name="Default suite" duration-ms="5643" started-at="2017-08-30T17:55:41Z" finished-at="2017-08-30T17:55:46Z">
    <groups>
    </groups>
    <test name="Default test" duration-ms="5643" started-at="2017-08-30T17:55:41Z" finished-at="2017-08-30T17:55:46Z">
      <class name="testngpackage.TestNGClass">
        <test-method status="PASS" signature="setUpTest()[pri:0, instance:testngpackage.TestNGClass@57fffcd7]" name="setUpTest" is-config="true" duration-ms="4142" started-at="2017-08-30T14:55:41Z" finished-at="2017-08-30T14:55:45Z">
          <reporter-output>
          </reporter-output>
        </test-method> <!-- setUpTest -->
        <test-method status="PASS" signature="completeForm()[pri:0, instance:testngpackage.TestNGClass@57fffcd7]" name="completeForm" duration-ms="1125" started-at="2017-08-30T14:55:45Z" finished-at="2017-08-30T14:55:46Z">
          <reporter-output>
          </reporter-output>
        </test-method> <!-- completeForm -->
        <test-method status="PASS" signature="messageTest()[pri:0, instance:testngpackage.TestNGClass@57fffcd7]" name="messageTest" duration-ms="62" started-at="2017-08-30T14:55:46Z" finished-at="2017-08-30T14:55:46Z">
          <reporter-output>
          </reporter-output>
        </test-method> <!-- messageTest -->
        <test-method status="PASS" signature="tearDownTest()[pri:0, instance:testngpackage.TestNGClass@57fffcd7]" name="tearDownTest" is-config="true" duration-ms="298" started-at="2017-08-30T14:55:46Z" finished-at="2017-08-30T14:55:46Z">
          <reporter-output>
          </reporter-output>
        </test-method> <!-- tearDownTest -->
      </class> <!-- testngpackage.TestNGClass -->
    </test> <!-- Default test -->
  </suite> <!-- Default suite -->
</testng-results>
